<?xml version="1.0" encoding="UTF-8"?>
<!-- Generated by org.testng.reporters.JUnitXMLReporter -->
<testsuite hostname="Aditya-Laptop" name="UserLogin" tests="2" failures="0" timestamp="8 Aug 2018 15:31:10 GMT" time="412.818" errors="0">
  <testcase name="to_validate_Conference_for_three_User_in_Not_Ready_with_PopUp" time="238.821" classname="com.agentaDemo.AgentaTestCase.NotReady_Conference_Popup"/>
  <testcase name="to_validate_Wrapup_ReasonCode_Not_Ready_with_PopUp" time="147.302" classname="com.agentaDemo.AgentaTestCase.NotReady_Wrapupreasoncode_PopUp"/>
</testsuite> <!-- UserLogin -->
