<?xml version="1.0" encoding="UTF-8"?>
<!-- Generated by org.testng.reporters.JUnitXMLReporter -->
<testsuite hostname="Aditya-Laptop" name="UserLogin" tests="2" failures="2" timestamp="9 Aug 2018 13:40:52 GMT" time="83.047" errors="0">
  <testcase name="to_validate_Conference_for_three_User_in_Not_Ready_with_PopUp" time="29.568" classname="com.automationsnap.TestCase.NotReady_Conference_Popup">
    <failure type="org.openqa.selenium.WebDriverException" message="Reached error page: about:neterror?e=connectionFailure&amp;amp;u=https%3A//localhost%3A8080/&amp;amp;c=UTF-8&amp;amp;f=regular&amp;amp;d=Firefox%20can%27t%20establish%20a%20connection%20to%20the%20server%20at%20localhost%3A8080.
Build info: version: &amp;apos;3.6.0&amp;apos;, revision: &amp;apos;6fbf3ec767&amp;apos;, time: &amp;apos;2017-09-27T15:28:36.4Z&amp;apos;
System info: host: &amp;apos;ADITYA-LAPTOP&amp;apos;, ip: &amp;apos;192.168.56.1&amp;apos;, os.name: &amp;apos;Windows 8.1&amp;apos;, os.arch: &amp;apos;amd64&amp;apos;, os.version: &amp;apos;6.3&amp;apos;, java.version: &amp;apos;1.8.0_77&amp;apos;
Driver info: org.openqa.selenium.firefox.FirefoxDriver
Capabilities [{moz:profile=C:\Users\aditya.p\AppData\Local\Temp\rust_mozprofile.kzzWe8ozhR3J, rotatable=false, timeouts={implicit=0, pageLoad=300000, script=30000}, pageLoadStrategy=normal, platform=XP, specificationLevel=0, moz:accessibilityChecks=false, acceptInsecureCerts=true, browserVersion=55.0, platformVersion=6.3, moz:processID=5836, browserName=firefox, javascriptEnabled=true, platformName=XP}]
Session ID: 8d8413e7-10d3-447d-8a96-d87cb041ac0d">
      <![CDATA[org.openqa.selenium.WebDriverException: Reached error page: about:neterror?e=connectionFailure&u=https%3A//localhost%3A8080/&c=UTF-8&f=regular&d=Firefox%20can%27t%20establish%20a%20connection%20to%20the%20server%20at%20localhost%3A8080.
Build info: version: '3.6.0', revision: '6fbf3ec767', time: '2017-09-27T15:28:36.4Z'
System info: host: 'ADITYA-LAPTOP', ip: '192.168.56.1', os.name: 'Windows 8.1', os.arch: 'amd64', os.version: '6.3', java.version: '1.8.0_77'
Driver info: org.openqa.selenium.firefox.FirefoxDriver
Capabilities [{moz:profile=C:\Users\aditya.p\AppData\Local\Temp\rust_mozprofile.kzzWe8ozhR3J, rotatable=false, timeouts={implicit=0, pageLoad=300000, script=30000}, pageLoadStrategy=normal, platform=XP, specificationLevel=0, moz:accessibilityChecks=false, acceptInsecureCerts=true, browserVersion=55.0, platformVersion=6.3, moz:processID=5836, browserName=firefox, javascriptEnabled=true, platformName=XP}]
Session ID: 8d8413e7-10d3-447d-8a96-d87cb041ac0d
	at org.openqa.selenium.remote.http.W3CHttpResponseCodec.createException(W3CHttpResponseCodec.java:185)
	at org.openqa.selenium.remote.http.W3CHttpResponseCodec.decode(W3CHttpResponseCodec.java:120)
	at org.openqa.selenium.remote.http.W3CHttpResponseCodec.decode(W3CHttpResponseCodec.java:49)
	at org.openqa.selenium.remote.HttpCommandExecutor.execute(HttpCommandExecutor.java:164)
	at org.openqa.selenium.remote.service.DriverCommandExecutor.execute(DriverCommandExecutor.java:83)
	at org.openqa.selenium.remote.RemoteWebDriver.execute(RemoteWebDriver.java:586)
	at org.openqa.selenium.remote.RemoteWebDriver.get(RemoteWebDriver.java:310)
	at com.automationsnap.baseclass.baseClass.openApp(baseClass.java:62)
	at com.automationsnap.TestCase.NotReady_Conference_Popup.to_validate_Conference_for_three_User_in_Not_Ready_with_PopUp(NotReady_Conference_Popup.java:71)
... Removed 32 stack frames]]>
    </failure>
  </testcase> <!-- to_validate_Conference_for_three_User_in_Not_Ready_with_PopUp -->
  <testcase name="to_validate_Wrapup_ReasonCode_Not_Ready_with_PopUp" time="26.23" classname="com.automationsnap.TestCase.NotReady_Wrapupreasoncode_PopUp">
    <failure type="org.openqa.selenium.WebDriverException" message="Reached error page: about:neterror?e=connectionFailure&amp;amp;u=https%3A//localhost%3A8080/&amp;amp;c=UTF-8&amp;amp;f=regular&amp;amp;d=Firefox%20can%27t%20establish%20a%20connection%20to%20the%20server%20at%20localhost%3A8080.
Build info: version: &amp;apos;3.6.0&amp;apos;, revision: &amp;apos;6fbf3ec767&amp;apos;, time: &amp;apos;2017-09-27T15:28:36.4Z&amp;apos;
System info: host: &amp;apos;ADITYA-LAPTOP&amp;apos;, ip: &amp;apos;192.168.56.1&amp;apos;, os.name: &amp;apos;Windows 8.1&amp;apos;, os.arch: &amp;apos;amd64&amp;apos;, os.version: &amp;apos;6.3&amp;apos;, java.version: &amp;apos;1.8.0_77&amp;apos;
Driver info: org.openqa.selenium.firefox.FirefoxDriver
Capabilities [{moz:profile=C:\Users\aditya.p\AppData\Local\Temp\rust_mozprofile.P1pJcRljR8Av, rotatable=false, timeouts={implicit=0, pageLoad=300000, script=30000}, pageLoadStrategy=normal, platform=XP, specificationLevel=0, moz:accessibilityChecks=false, acceptInsecureCerts=true, browserVersion=55.0, platformVersion=6.3, moz:processID=5960, browserName=firefox, javascriptEnabled=true, platformName=XP}]
Session ID: acfb4e92-c3a5-4828-8536-978d99984eec">
      <![CDATA[org.openqa.selenium.WebDriverException: Reached error page: about:neterror?e=connectionFailure&u=https%3A//localhost%3A8080/&c=UTF-8&f=regular&d=Firefox%20can%27t%20establish%20a%20connection%20to%20the%20server%20at%20localhost%3A8080.
Build info: version: '3.6.0', revision: '6fbf3ec767', time: '2017-09-27T15:28:36.4Z'
System info: host: 'ADITYA-LAPTOP', ip: '192.168.56.1', os.name: 'Windows 8.1', os.arch: 'amd64', os.version: '6.3', java.version: '1.8.0_77'
Driver info: org.openqa.selenium.firefox.FirefoxDriver
Capabilities [{moz:profile=C:\Users\aditya.p\AppData\Local\Temp\rust_mozprofile.P1pJcRljR8Av, rotatable=false, timeouts={implicit=0, pageLoad=300000, script=30000}, pageLoadStrategy=normal, platform=XP, specificationLevel=0, moz:accessibilityChecks=false, acceptInsecureCerts=true, browserVersion=55.0, platformVersion=6.3, moz:processID=5960, browserName=firefox, javascriptEnabled=true, platformName=XP}]
Session ID: acfb4e92-c3a5-4828-8536-978d99984eec
	at org.openqa.selenium.remote.http.W3CHttpResponseCodec.createException(W3CHttpResponseCodec.java:185)
	at org.openqa.selenium.remote.http.W3CHttpResponseCodec.decode(W3CHttpResponseCodec.java:120)
	at org.openqa.selenium.remote.http.W3CHttpResponseCodec.decode(W3CHttpResponseCodec.java:49)
	at org.openqa.selenium.remote.HttpCommandExecutor.execute(HttpCommandExecutor.java:164)
	at org.openqa.selenium.remote.service.DriverCommandExecutor.execute(DriverCommandExecutor.java:83)
	at org.openqa.selenium.remote.RemoteWebDriver.execute(RemoteWebDriver.java:586)
	at org.openqa.selenium.remote.RemoteWebDriver.get(RemoteWebDriver.java:310)
	at com.automationsnap.baseclass.baseClass.openApp(baseClass.java:62)
	at com.automationsnap.TestCase.NotReady_Wrapupreasoncode_PopUp.to_validate_Wrapup_ReasonCode_Not_Ready_with_PopUp(NotReady_Wrapupreasoncode_PopUp.java:66)
... Removed 32 stack frames]]>
    </failure>
  </testcase> <!-- to_validate_Wrapup_ReasonCode_Not_Ready_with_PopUp -->
</testsuite> <!-- UserLogin -->
