<?xml version="1.0" encoding="UTF-8"?>
<!-- Generated by org.testng.reporters.JUnitXMLReporter -->
<testsuite hostname="Aditya-Laptop" name="UserLogin" tests="2" failures="0" timestamp="7 Aug 2018 13:45:18 GMT" time="232.345" errors="0">
  <testcase name="to_validate_Conference_for_three_User_in_Not_Ready_with_PopUp" time="156.504" classname="com.agentaDemo.AgentaTestCase.NotReady_Conference"/>
  <testcase name="to_Validate_Logout_with_Reason_Code" time="52.316" classname="com.agentaDemo.AgentaTestCase.LoginAndLogOutValidation"/>
</testsuite> <!-- UserLogin -->
