<?xml version="1.0" encoding="UTF-8"?>
<testsuite xmlns:xsi="http://www.w3.org/2001/XMLSchema-instance" xsi:noNamespaceSchemaLocation="https://maven.apache.org/surefire/maven-surefire-plugin/xsd/surefire-test-report.xsd" name="TestSuite" time="89.226" tests="2" errors="0" skipped="0" failures="2">
  <properties>
[...]
</properties>
  <testcase name="to_validate_Conference_for_three_User_in_Not_Ready_with_PopUp" classname="com.automationsnap.TestCase.NotReady_Conference_Popup" time="30.037">
    <failure message="Reached error page: about:neterror?e=connectionFailure&amp;u=https%3A//localhost%3A8080/&amp;c=UTF-8&amp;f=regular&amp;d=Firefox%20can%27t%20establish%20a%20connection%20to%20the%20server%20at%20localhost%3A8080.&#10;Build info: version: &apos;3.6.0&apos;, revision: &apos;6fbf3ec767&apos;, time: &apos;2017-09-27T15:28:36.4Z&apos;&#10;System info: host: &apos;ADITYA-LAPTOP&apos;, ip: &apos;192.168.56.1&apos;, os.name: &apos;Windows 8.1&apos;, os.arch: &apos;amd64&apos;, os.version: &apos;6.3&apos;, java.version: &apos;1.8.0_77&apos;&#10;Driver info: org.openqa.selenium.firefox.FirefoxDriver&#10;Capabilities [{moz:profile=C:\Users\aditya.p\AppData\Local\Temp\rust_mozprofile.kzzWe8ozhR3J, rotatable=false, timeouts={implicit=0, pageLoad=300000, script=30000}, pageLoadStrategy=normal, platform=XP, specificationLevel=0, moz:accessibilityChecks=false, acceptInsecureCerts=true, browserVersion=55.0, platformVersion=6.3, moz:processID=5836, browserName=firefox, javascriptEnabled=true, platformName=XP}]&#10;Session ID: 8d8413e7-10d3-447d-8a96-d87cb041ac0d" type="org.openqa.selenium.WebDriverException"><![CDATA[org.openqa.selenium.WebDriverException: 
Reached error page: about:neterror?e=connectionFailure&u=https%3A//localhost%3A8080/&c=UTF-8&f=regular&d=Firefox%20can%27t%20establish%20a%20connection%20to%20the%20server%20at%20localhost%3A8080.
Build info: version: '3.6.0', revision: '6fbf3ec767', time: '2017-09-27T15:28:36.4Z'
System info: host: 'ADITYA-LAPTOP', ip: '192.168.56.1', os.name: 'Windows 8.1', os.arch: 'amd64', os.version: '6.3', java.version: '1.8.0_77'
Driver info: org.openqa.selenium.firefox.FirefoxDriver
Capabilities [{moz:profile=C:\Users\aditya.p\AppData\Local\Temp\rust_mozprofile.kzzWe8ozhR3J, rotatable=false, timeouts={implicit=0, pageLoad=300000, script=30000}, pageLoadStrategy=normal, platform=XP, specificationLevel=0, moz:accessibilityChecks=false, acceptInsecureCerts=true, browserVersion=55.0, platformVersion=6.3, moz:processID=5836, browserName=firefox, javascriptEnabled=true, platformName=XP}]
Session ID: 8d8413e7-10d3-447d-8a96-d87cb041ac0d
	at com.automationsnap.TestCase.NotReady_Conference_Popup.to_validate_Conference_for_three_User_in_Not_Ready_with_PopUp(NotReady_Conference_Popup.java:71)
]]></failure>
    <system-out><![CDATA[[DEBUG] 2018-08-09 19:09:31.071 [main] ExcelUtility - Workbook : .\src\main\resources\ExcelData.xlsxSheet nameAgentaTest
[DEBUG] 2018-08-09 19:09:31.077 [main] baseClass - Excel File name is .\src\main\resources\ExcelData.xlsx
[DEBUG] 2018-08-09 19:09:31.122 [main] ExcelUtility - text begin
[DEBUG] 2018-08-09 19:09:31.130 [main] ExcelUtility - text end
[DEBUG] 2018-08-09 19:09:31.135 [main] ExcelUtility - Test Name is conference
[DEBUG] 2018-08-09 19:09:31.135 [main] ExcelUtility - Start row 4End Row 4Start Col 1End col 15
[DEBUG] 2018-08-09 19:09:31.138 [main] NotReady_Conference_Popup - data provider called for conference
[DEBUG] 2018-08-09 19:09:38.744 [main] baseClass - chrome driver got initialized
[DEBUG] 2018-08-09 19:09:38.753 [main] baseClass - set implicit wait
[DEBUG] 2018-08-09 19:09:38.755 [main] baseClass - ChromeDriver: chrome on XP (47f79cc8136d93648a8cb40ff156611e)
[DEBUG] 2018-08-09 19:09:42.199 [main] baseClass - open : https://localhost:8080/
[DEBUG] 2018-08-09 19:09:44.303 [main] NotReady_Conference_Popup - ChromeDriver: chrome on XP (47f79cc8136d93648a8cb40ff156611e)
[DEBUG] 2018-08-09 19:10:05.879 [main] DriverInstantiate - firefox driver instantiate
[DEBUG] 2018-08-09 19:10:08.761 [main] baseClass - take screenshot for failed result
]]></system-out>
    <system-err><![CDATA[Starting ChromeDriver 2.38.552522 (437e6fbedfa8762dec75e2c5b3ddb86763dc9dcb) on port 38721
Only local connections are allowed.
Aug 09, 2018 7:09:37 PM org.openqa.selenium.remote.ProtocolHandshake createSession
INFO: Detected dialect: OSS
1533821992958	geckodriver	INFO	geckodriver 0.19.0
1533821993055	geckodriver	INFO	Listening on 127.0.0.1:27216
1533821993799	mozrunner::runner	INFO	Running command: "C:\\Program Files\\Mozilla Firefox\\firefox.exe" "-marionette" "-profile" "C:\\Users\\aditya.p\\AppData\\Local\\Temp\\rust_mozprofile.kzzWe8ozhR3J"
1533821997438	Marionette	INFO	Enabled via --marionette
Unable to read VR Path Registry from C:\Users\aditya.p\AppData\Local\openvr\openvrpaths.vrpath
[GPU 7892] WARNING: pipe error: 109: file c:/builds/moz2_slave/m-rel-w64-00000000000000000000/build/src/ipc/chromium/src/chrome/common/ipc_channel_win.cc, line 346
Unable to read VR Path Registry from C:\Users\aditya.p\AppData\Local\openvr\openvrpaths.vrpath
[Child 6068] WARNING: pipe error: 109: file c:/builds/moz2_slave/m-rel-w64-00000000000000000000/build/src/ipc/chromium/src/chrome/common/ipc_channel_win.cc, line 346
[Child 6068] WARNING: pipe error: 109: file c:/builds/moz2_slave/m-rel-w64-00000000000000000000/build/src/ipc/chromium/src/chrome/common/ipc_channel_win.cc, line 346
1533822004936	Marionette	INFO	Listening on port 51330
1533822005000	Marionette	INFO	Listening on port 51330
1533822005507	Marionette	WARN	TLS certificate errors will be ignored for this session
1533822005636	Marionette	DEBUG	loaded listener.js
Aug 09, 2018 7:10:05 PM org.openqa.selenium.remote.ProtocolHandshake createSession
INFO: Detected dialect: W3C
1533822005903	Marionette	DEBUG	Received DOM event "beforeunload" for "about:blank"
1533822007948	Marionette	DEBUG	Received DOM event "beforeunload" for "about:blank"
1533822007957	Marionette	DEBUG	Received DOM event "pagehide" for "about:blank"
1533822007958	Marionette	DEBUG	Received DOM event "unload" for "about:blank"
1533822008222	Marionette	DEBUG	Received DOM event "DOMContentLoaded" for "about:neterror?e=connectionFailure&u=https%3A//localhost%3A8080/&c=UTF-8&f=regular&d=Firefox%20can%27t%20establish%20a%20connection%20to%20the%20server%20at%20localhost%3A8080."
]]></system-err>
  </testcase>
  <testcase name="to_validate_Wrapup_ReasonCode_Not_Ready_with_PopUp" classname="com.automationsnap.TestCase.NotReady_Wrapupreasoncode_PopUp" time="26.619">
    <failure message="Reached error page: about:neterror?e=connectionFailure&amp;u=https%3A//localhost%3A8080/&amp;c=UTF-8&amp;f=regular&amp;d=Firefox%20can%27t%20establish%20a%20connection%20to%20the%20server%20at%20localhost%3A8080.&#10;Build info: version: &apos;3.6.0&apos;, revision: &apos;6fbf3ec767&apos;, time: &apos;2017-09-27T15:28:36.4Z&apos;&#10;System info: host: &apos;ADITYA-LAPTOP&apos;, ip: &apos;192.168.56.1&apos;, os.name: &apos;Windows 8.1&apos;, os.arch: &apos;amd64&apos;, os.version: &apos;6.3&apos;, java.version: &apos;1.8.0_77&apos;&#10;Driver info: org.openqa.selenium.firefox.FirefoxDriver&#10;Capabilities [{moz:profile=C:\Users\aditya.p\AppData\Local\Temp\rust_mozprofile.P1pJcRljR8Av, rotatable=false, timeouts={implicit=0, pageLoad=300000, script=30000}, pageLoadStrategy=normal, platform=XP, specificationLevel=0, moz:accessibilityChecks=false, acceptInsecureCerts=true, browserVersion=55.0, platformVersion=6.3, moz:processID=5960, browserName=firefox, javascriptEnabled=true, platformName=XP}]&#10;Session ID: acfb4e92-c3a5-4828-8536-978d99984eec" type="org.openqa.selenium.WebDriverException"><![CDATA[org.openqa.selenium.WebDriverException: 
Reached error page: about:neterror?e=connectionFailure&u=https%3A//localhost%3A8080/&c=UTF-8&f=regular&d=Firefox%20can%27t%20establish%20a%20connection%20to%20the%20server%20at%20localhost%3A8080.
Build info: version: '3.6.0', revision: '6fbf3ec767', time: '2017-09-27T15:28:36.4Z'
System info: host: 'ADITYA-LAPTOP', ip: '192.168.56.1', os.name: 'Windows 8.1', os.arch: 'amd64', os.version: '6.3', java.version: '1.8.0_77'
Driver info: org.openqa.selenium.firefox.FirefoxDriver
Capabilities [{moz:profile=C:\Users\aditya.p\AppData\Local\Temp\rust_mozprofile.P1pJcRljR8Av, rotatable=false, timeouts={implicit=0, pageLoad=300000, script=30000}, pageLoadStrategy=normal, platform=XP, specificationLevel=0, moz:accessibilityChecks=false, acceptInsecureCerts=true, browserVersion=55.0, platformVersion=6.3, moz:processID=5960, browserName=firefox, javascriptEnabled=true, platformName=XP}]
Session ID: acfb4e92-c3a5-4828-8536-978d99984eec
	at com.automationsnap.TestCase.NotReady_Wrapupreasoncode_PopUp.to_validate_Wrapup_ReasonCode_Not_Ready_with_PopUp(NotReady_Wrapupreasoncode_PopUp.java:66)
]]></failure>
    <system-out><![CDATA[[DEBUG] 2018-08-09 19:10:09.739 [main] baseClass - chrome driver quit
[DEBUG] 2018-08-09 19:10:14.466 [main] baseClass - firefox driver quit
[DEBUG] 2018-08-09 19:10:14.713 [main] ExcelUtility - Workbook : .\src\main\resources\ExcelData.xlsxSheet nameAgentaTest
[DEBUG] 2018-08-09 19:10:14.714 [main] baseClass - Excel File name is .\src\main\resources\ExcelData.xlsx
[DEBUG] 2018-08-09 19:10:14.737 [main] ExcelUtility - text begin
[DEBUG] 2018-08-09 19:10:14.741 [main] ExcelUtility - text end
[DEBUG] 2018-08-09 19:10:14.741 [main] ExcelUtility - Test Name is Wrapupreasoncode
[DEBUG] 2018-08-09 19:10:14.742 [main] ExcelUtility - Start row 7End Row 7Start Col 1End col 11
[DEBUG] 2018-08-09 19:10:14.743 [main] NotReady_Wrapupreasoncode_PopUp - data provider called for Wrapupreasoncode
[DEBUG] 2018-08-09 19:10:18.639 [main] baseClass - chrome driver got initialized
[DEBUG] 2018-08-09 19:10:18.648 [main] baseClass - set implicit wait
[DEBUG] 2018-08-09 19:10:18.648 [main] baseClass - ChromeDriver: chrome on XP (b5239733d1999f5c4d3ac7a0e4ac9d25)
[DEBUG] 2018-08-09 19:10:21.430 [main] baseClass - open : https://localhost:8080/
[DEBUG] 2018-08-09 19:10:23.480 [main] NotReady_Wrapupreasoncode_PopUp - ChromeDriver: chrome on XP (b5239733d1999f5c4d3ac7a0e4ac9d25)
[DEBUG] 2018-08-09 19:10:42.528 [main] DriverInstantiate - firefox driver instantiate
[DEBUG] 2018-08-09 19:10:45.267 [main] baseClass - take screenshot for failed result
]]></system-out>
    <system-err><![CDATA[1533822009759	Marionette	INFO	New connections will no longer be accepted
[GFX1-]: Receive IPC close with reason=AbnormalShutdown
Aug 09, 2018 7:10:14 PM org.openqa.selenium.os.UnixProcess destroy
SEVERE: Unable to kill process with PID 6552
Starting ChromeDriver 2.38.552522 (437e6fbedfa8762dec75e2c5b3ddb86763dc9dcb) on port 21802
Only local connections are allowed.
Aug 09, 2018 7:10:17 PM org.openqa.selenium.remote.ProtocolHandshake createSession
INFO: Detected dialect: OSS
1533822031908	geckodriver	INFO	geckodriver 0.19.0
1533822031979	geckodriver	INFO	Listening on 127.0.0.1:46318
1533822032286	mozrunner::runner	INFO	Running command: "C:\\Program Files\\Mozilla Firefox\\firefox.exe" "-marionette" "-profile" "C:\\Users\\aditya.p\\AppData\\Local\\Temp\\rust_mozprofile.P1pJcRljR8Av"
1533822034767	Marionette	INFO	Enabled via --marionette
1533822041522	Marionette	INFO	Listening on port 51441
1533822041587	Marionette	INFO	Listening on port 51441
1533822041808	Marionette	WARN	TLS certificate errors will be ignored for this session
1533822042093	Marionette	DEBUG	loaded listener.js
Aug 09, 2018 7:10:42 PM org.openqa.selenium.remote.ProtocolHandshake createSession
INFO: Detected dialect: W3C
1533822042562	Marionette	DEBUG	Received DOM event "beforeunload" for "about:blank"
1533822044617	Marionette	DEBUG	Received DOM event "beforeunload" for "about:blank"
1533822044625	Marionette	DEBUG	Received DOM event "pagehide" for "about:blank"
1533822044625	Marionette	DEBUG	Received DOM event "unload" for "about:blank"
1533822044793	Marionette	DEBUG	Received DOM event "DOMContentLoaded" for "about:neterror?e=connectionFailure&u=https%3A//localhost%3A8080/&c=UTF-8&f=regular&d=Firefox%20can%27t%20establish%20a%20connection%20to%20the%20server%20at%20localhost%3A8080."
]]></system-err>
  </testcase>
</testsuite>