<?xml version="1.0" encoding="UTF-8"?>
<testng-results skipped="0" failed="0" total="2" passed="2">
  <reporter-output>
  </reporter-output>
  <suite name="DemowithPopup" duration-ms="412818" started-at="2018-08-08T15:24:15Z" finished-at="2018-08-08T15:31:08Z">
    <groups>
    </groups>
    <test name="UserLogin" duration-ms="412818" started-at="2018-08-08T15:24:15Z" finished-at="2018-08-08T15:31:08Z">
      <class name="com.agentaDemo.AgentaTestCase.NotReady_Wrapupreasoncode_PopUp">
        <test-method status="PASS" signature="setObject()[pri:0, instance:com.agentaDemo.AgentaTestCase.NotReady_Wrapupreasoncode_PopUp@704d6e83]" name="setObject" is-config="true" duration-ms="260" started-at="2018-08-08T20:58:30Z" finished-at="2018-08-08T20:58:31Z">
          <reporter-output>
          </reporter-output>
        </test-method> <!-- setObject -->
        <test-method status="PASS" signature="setDriverPath()[pri:0, instance:com.agentaDemo.AgentaTestCase.NotReady_Wrapupreasoncode_PopUp@704d6e83]" name="setDriverPath" is-config="true" duration-ms="4377" started-at="2018-08-08T20:58:31Z" finished-at="2018-08-08T20:58:35Z">
          <reporter-output>
          </reporter-output>
        </test-method> <!-- setDriverPath -->
        <test-method status="PASS" signature="to_validate_Wrapup_ReasonCode_Not_Ready_with_PopUp(java.lang.String, java.lang.String, java.lang.String, java.lang.String, java.lang.String, java.lang.String, java.lang.String, java.lang.String, java.lang.String, java.lang.String, java.lang.String)[pri:0, instance:com.agentaDemo.AgentaTestCase.NotReady_Wrapupreasoncode_PopUp@704d6e83]" name="to_validate_Wrapup_ReasonCode_Not_Ready_with_PopUp" duration-ms="147302" started-at="2018-08-08T20:58:35Z" data-provider="Wrapupreasoncode" finished-at="2018-08-08T21:01:02Z">
          <params>
            <param index="0">
              <value>
                <![CDATA[https://localhost:8080/]]>
              </value>
            </param>
            <param index="1">
              <value>
                <![CDATA[749932]]>
              </value>
            </param>
            <param index="2">
              <value>
                <![CDATA[123456]]>
              </value>
            </param>
            <param index="3">
              <value>
                <![CDATA[749932]]>
              </value>
            </param>
            <param index="4">
              <value>
                <![CDATA[749933]]>
              </value>
            </param>
            <param index="5">
              <value>
                <![CDATA[123456]]>
              </value>
            </param>
            <param index="6">
              <value>
                <![CDATA[749933]]>
              </value>
            </param>
            <param index="7">
              <value>
                <![CDATA[749933]]>
              </value>
            </param>
            <param index="8">
              <value>
                <![CDATA[sales]]>
              </value>
            </param>
            <param index="9">
              <value>
                <![CDATA[Meeting]]>
              </value>
            </param>
            <param index="10">
              <value>
                <![CDATA[Meeting]]>
              </value>
            </param>
          </params>
          <reporter-output>
          </reporter-output>
        </test-method> <!-- to_validate_Wrapup_ReasonCode_Not_Ready_with_PopUp -->
        <test-method status="PASS" signature="quitBrowser()[pri:0, instance:com.agentaDemo.AgentaTestCase.NotReady_Wrapupreasoncode_PopUp@704d6e83]" name="quitBrowser" is-config="true" duration-ms="5239" started-at="2018-08-08T21:01:02Z" finished-at="2018-08-08T21:01:08Z">
          <reporter-output>
          </reporter-output>
        </test-method> <!-- quitBrowser -->
      </class> <!-- com.agentaDemo.AgentaTestCase.NotReady_Wrapupreasoncode_PopUp -->
      <class name="com.agentaDemo.AgentaTestCase.NotReady_Conference_Popup">
        <test-method status="PASS" signature="setObject()[pri:0, instance:com.agentaDemo.AgentaTestCase.NotReady_Conference_Popup@1786f9d5]" name="setObject" is-config="true" duration-ms="1433" started-at="2018-08-08T20:54:15Z" finished-at="2018-08-08T20:54:16Z">
          <reporter-output>
          </reporter-output>
        </test-method> <!-- setObject -->
        <test-method status="PASS" signature="setDriverPath()[pri:0, instance:com.agentaDemo.AgentaTestCase.NotReady_Conference_Popup@1786f9d5]" name="setDriverPath" is-config="true" duration-ms="7660" started-at="2018-08-08T20:54:16Z" finished-at="2018-08-08T20:54:24Z">
          <reporter-output>
          </reporter-output>
        </test-method> <!-- setDriverPath -->
        <test-method status="PASS" signature="to_validate_Conference_for_three_User_in_Not_Ready_with_PopUp(java.lang.String, java.lang.String, java.lang.String, java.lang.String, java.lang.String, java.lang.String, java.lang.String, java.lang.String, java.lang.String, java.lang.String, java.lang.String, java.lang.String, java.lang.String, java.lang.String, java.lang.String)[pri:0, instance:com.agentaDemo.AgentaTestCase.NotReady_Conference_Popup@1786f9d5]" name="to_validate_Conference_for_three_User_in_Not_Ready_with_PopUp" duration-ms="238821" started-at="2018-08-08T20:54:24Z" data-provider="conference" finished-at="2018-08-08T20:58:23Z">
          <params>
            <param index="0">
              <value>
                <![CDATA[https://localhost:8080/]]>
              </value>
            </param>
            <param index="1">
              <value>
                <![CDATA[749931]]>
              </value>
            </param>
            <param index="2">
              <value>
                <![CDATA[123456]]>
              </value>
            </param>
            <param index="3">
              <value>
                <![CDATA[749931]]>
              </value>
            </param>
            <param index="4">
              <value>
                <![CDATA[749932]]>
              </value>
            </param>
            <param index="5">
              <value>
                <![CDATA[123456]]>
              </value>
            </param>
            <param index="6">
              <value>
                <![CDATA[749932]]>
              </value>
            </param>
            <param index="7">
              <value>
                <![CDATA[749933]]>
              </value>
            </param>
            <param index="8">
              <value>
                <![CDATA[123456]]>
              </value>
            </param>
            <param index="9">
              <value>
                <![CDATA[749933]]>
              </value>
            </param>
            <param index="10">
              <value>
                <![CDATA[749932]]>
              </value>
            </param>
            <param index="11">
              <value>
                <![CDATA[749933]]>
              </value>
            </param>
            <param index="12">
              <value>
                <![CDATA[Meeting]]>
              </value>
            </param>
            <param index="13">
              <value>
                <![CDATA[Meeting]]>
              </value>
            </param>
            <param index="14">
              <value>
                <![CDATA[Meeting]]>
              </value>
            </param>
          </params>
          <reporter-output>
          </reporter-output>
        </test-method> <!-- to_validate_Conference_for_three_User_in_Not_Ready_with_PopUp -->
        <test-method status="PASS" signature="quitBrowser()[pri:0, instance:com.agentaDemo.AgentaTestCase.NotReady_Conference_Popup@1786f9d5]" name="quitBrowser" is-config="true" duration-ms="7352" started-at="2018-08-08T20:58:23Z" finished-at="2018-08-08T20:58:30Z">
          <reporter-output>
          </reporter-output>
        </test-method> <!-- quitBrowser -->
      </class> <!-- com.agentaDemo.AgentaTestCase.NotReady_Conference_Popup -->
    </test> <!-- UserLogin -->
  </suite> <!-- DemowithPopup -->
</testng-results>
