<?xml version="1.0" encoding="UTF-8"?>
<testng-results skipped="0" failed="1" total="1" passed="0">
  <reporter-output>
  </reporter-output>
  <suite name="DemowithoutPopup" duration-ms="31252" started-at="2018-08-09T13:52:40Z" finished-at="2018-08-09T13:53:11Z">
    <groups>
    </groups>
    <test name="UserLogin" duration-ms="31252" started-at="2018-08-09T13:52:40Z" finished-at="2018-08-09T13:53:11Z">
      <class name="com.automationsnap.TestCase.NotReady_Wrapupreasoncode">
        <test-method status="PASS" signature="setObject()[pri:0, instance:com.automationsnap.TestCase.NotReady_Wrapupreasoncode@4009e306]" name="setObject" is-config="true" duration-ms="1473" started-at="2018-08-09T19:22:40Z" finished-at="2018-08-09T19:22:42Z">
          <reporter-output>
          </reporter-output>
        </test-method> <!-- setObject -->
        <test-method status="PASS" signature="setDriverPath()[pri:0, instance:com.automationsnap.TestCase.NotReady_Wrapupreasoncode@4009e306]" name="setDriverPath" is-config="true" duration-ms="6598" started-at="2018-08-09T19:22:42Z" finished-at="2018-08-09T19:22:48Z">
          <reporter-output>
          </reporter-output>
        </test-method> <!-- setDriverPath -->
        <test-method status="FAIL" signature="to_validate_Wrapup_ReasonCode_Not_Ready(java.lang.String, java.lang.String, java.lang.String, java.lang.String, java.lang.String, java.lang.String, java.lang.String, java.lang.String, java.lang.String, java.lang.String, java.lang.String)[pri:0, instance:com.automationsnap.TestCase.NotReady_Wrapupreasoncode@4009e306]" name="to_validate_Wrapup_ReasonCode_Not_Ready" duration-ms="16581" started-at="2018-08-09T19:22:48Z" data-provider="Wrapupreasoncode" finished-at="2018-08-09T19:23:05Z">
          <params>
            <param index="0">
              <value>
                <![CDATA[https://localhost:8080/]]>
              </value>
            </param>
            <param index="1">
              <value>
                <![CDATA[749932]]>
              </value>
            </param>
            <param index="2">
              <value>
                <![CDATA[123456]]>
              </value>
            </param>
            <param index="3">
              <value>
                <![CDATA[749932]]>
              </value>
            </param>
            <param index="4">
              <value>
                <![CDATA[749933]]>
              </value>
            </param>
            <param index="5">
              <value>
                <![CDATA[123456]]>
              </value>
            </param>
            <param index="6">
              <value>
                <![CDATA[749933]]>
              </value>
            </param>
            <param index="7">
              <value>
                <![CDATA[749933]]>
              </value>
            </param>
            <param index="8">
              <value>
                <![CDATA[sales]]>
              </value>
            </param>
            <param index="9">
              <value>
                <![CDATA[Meeting]]>
              </value>
            </param>
            <param index="10">
              <value>
                <![CDATA[Meeting]]>
              </value>
            </param>
          </params>
          <exception class="org.openqa.selenium.WebDriverException">
            <message>
              <![CDATA[Reached error page: about:neterror?e=connectionFailure&u=https%3A//localhost%3A8080/&c=UTF-8&f=regular&d=Firefox%20can%27t%20establish%20a%20connection%20to%20the%20server%20at%20localhost%3A8080.
Build info: version: '3.6.0', revision: '6fbf3ec767', time: '2017-09-27T15:28:36.4Z'
System info: host: 'ADITYA-LAPTOP', ip: '192.168.56.1', os.name: 'Windows 8.1', os.arch: 'amd64', os.version: '6.3', java.version: '1.8.0_77'
Driver info: org.openqa.selenium.firefox.FirefoxDriver
Capabilities [{moz:profile=C:\Users\aditya.p\AppData\Local\Temp\rust_mozprofile.CONyZt3f6U1w, rotatable=false, timeouts={implicit=0, pageLoad=300000, script=30000}, pageLoadStrategy=normal, platform=XP, specificationLevel=0, moz:accessibilityChecks=false, acceptInsecureCerts=true, browserVersion=55.0, platformVersion=6.3, moz:processID=10220, browserName=firefox, javascriptEnabled=true, platformName=XP}]
Session ID: 0b556c91-7d1d-4aac-b0d5-04d93b7c6cdd]]>
            </message>
            <full-stacktrace>
              <![CDATA[org.openqa.selenium.WebDriverException: Reached error page: about:neterror?e=connectionFailure&u=https%3A//localhost%3A8080/&c=UTF-8&f=regular&d=Firefox%20can%27t%20establish%20a%20connection%20to%20the%20server%20at%20localhost%3A8080.
Build info: version: '3.6.0', revision: '6fbf3ec767', time: '2017-09-27T15:28:36.4Z'
System info: host: 'ADITYA-LAPTOP', ip: '192.168.56.1', os.name: 'Windows 8.1', os.arch: 'amd64', os.version: '6.3', java.version: '1.8.0_77'
Driver info: org.openqa.selenium.firefox.FirefoxDriver
Capabilities [{moz:profile=C:\Users\aditya.p\AppData\Local\Temp\rust_mozprofile.CONyZt3f6U1w, rotatable=false, timeouts={implicit=0, pageLoad=300000, script=30000}, pageLoadStrategy=normal, platform=XP, specificationLevel=0, moz:accessibilityChecks=false, acceptInsecureCerts=true, browserVersion=55.0, platformVersion=6.3, moz:processID=10220, browserName=firefox, javascriptEnabled=true, platformName=XP}]
Session ID: 0b556c91-7d1d-4aac-b0d5-04d93b7c6cdd
	at sun.reflect.NativeConstructorAccessorImpl.newInstance0(Native Method)
	at sun.reflect.NativeConstructorAccessorImpl.newInstance(NativeConstructorAccessorImpl.java:62)
	at sun.reflect.DelegatingConstructorAccessorImpl.newInstance(DelegatingConstructorAccessorImpl.java:45)
	at java.lang.reflect.Constructor.newInstance(Constructor.java:423)
	at org.openqa.selenium.remote.http.W3CHttpResponseCodec.createException(W3CHttpResponseCodec.java:185)
	at org.openqa.selenium.remote.http.W3CHttpResponseCodec.decode(W3CHttpResponseCodec.java:120)
	at org.openqa.selenium.remote.http.W3CHttpResponseCodec.decode(W3CHttpResponseCodec.java:49)
	at org.openqa.selenium.remote.HttpCommandExecutor.execute(HttpCommandExecutor.java:164)
	at org.openqa.selenium.remote.service.DriverCommandExecutor.execute(DriverCommandExecutor.java:83)
	at org.openqa.selenium.remote.RemoteWebDriver.execute(RemoteWebDriver.java:586)
	at org.openqa.selenium.remote.RemoteWebDriver.get(RemoteWebDriver.java:310)
	at com.automationsnap.baseclass.baseClass.openApp(baseClass.java:62)
	at com.automationsnap.TestCase.NotReady_Wrapupreasoncode.to_validate_Wrapup_ReasonCode_Not_Ready(NotReady_Wrapupreasoncode.java:59)
	at sun.reflect.NativeMethodAccessorImpl.invoke0(Native Method)
	at sun.reflect.NativeMethodAccessorImpl.invoke(NativeMethodAccessorImpl.java:62)
	at sun.reflect.DelegatingMethodAccessorImpl.invoke(DelegatingMethodAccessorImpl.java:43)
	at java.lang.reflect.Method.invoke(Method.java:498)
	at org.testng.internal.MethodInvocationHelper.invokeMethod(MethodInvocationHelper.java:86)
	at org.testng.internal.Invoker.invokeMethod(Invoker.java:643)
	at org.testng.internal.Invoker.invokeTestMethod(Invoker.java:820)
	at org.testng.internal.Invoker.invokeTestMethods(Invoker.java:1128)
	at org.testng.internal.TestMethodWorker.invokeTestMethods(TestMethodWorker.java:129)
	at org.testng.internal.TestMethodWorker.run(TestMethodWorker.java:112)
	at org.testng.TestRunner.privateRun(TestRunner.java:782)
	at org.testng.TestRunner.run(TestRunner.java:632)
	at org.testng.SuiteRunner.runTest(SuiteRunner.java:366)
	at org.testng.SuiteRunner.runSequentially(SuiteRunner.java:361)
	at org.testng.SuiteRunner.privateRun(SuiteRunner.java:319)
	at org.testng.SuiteRunner.run(SuiteRunner.java:268)
	at org.testng.SuiteRunnerWorker.runSuite(SuiteRunnerWorker.java:52)
	at org.testng.SuiteRunnerWorker.run(SuiteRunnerWorker.java:86)
	at org.testng.TestNG.runSuitesSequentially(TestNG.java:1244)
	at org.testng.TestNG.runSuitesLocally(TestNG.java:1169)
	at org.testng.TestNG.run(TestNG.java:1064)
	at org.testng.remote.AbstractRemoteTestNG.run(AbstractRemoteTestNG.java:114)
	at org.testng.remote.RemoteTestNG.initAndRun(RemoteTestNG.java:251)
	at org.testng.remote.RemoteTestNG.main(RemoteTestNG.java:77)
]]>
            </full-stacktrace>
          </exception> <!-- org.openqa.selenium.WebDriverException -->
          <reporter-output>
          </reporter-output>
        </test-method> <!-- to_validate_Wrapup_ReasonCode_Not_Ready -->
        <test-method status="PASS" signature="quitBrowser()[pri:0, instance:com.automationsnap.TestCase.NotReady_Wrapupreasoncode@4009e306]" name="quitBrowser" is-config="true" duration-ms="5843" started-at="2018-08-09T19:23:05Z" finished-at="2018-08-09T19:23:11Z">
          <reporter-output>
          </reporter-output>
        </test-method> <!-- quitBrowser -->
      </class> <!-- com.automationsnap.TestCase.NotReady_Wrapupreasoncode -->
    </test> <!-- UserLogin -->
  </suite> <!-- DemowithoutPopup -->
</testng-results>
